2017-08-08 10:42:01,881 [1] INFO  Topshelf.HostFactory - Configuration Result:
[Success] Name Quartz服务名称
[Success] DisplayName Quartz服务显示名称
[Success] Description Quartz调度服务描述
[Success] ServiceName Quartz服务名称
 Topshelf.HostFactoryname2017-08-08 10:42:01,926 [1] INFO  Topshelf.HostConfigurators.HostConfiguratorImpl - Topshelf v4.0.0.0, .NET Framework v4.0.30319.42000
 Topshelf.HostConfigurators.HostConfiguratorImplname2017-08-08 10:42:02,237 [1] DEBUG Topshelf.Builders.RunBuilder - Running as a console application, creating the console host.
 Topshelf.Builders.RunBuildername2017-08-08 10:42:02,243 [1] DEBUG Topshelf.Hosts.ConsoleRunHost - Starting up as a console application
 Topshelf.Hosts.ConsoleRunHostname2017-08-08 10:42:02,454 [1] INFO  Topshelf.Hosts.ConsoleRunHost - The Quartz服务名称 service is now running, press Control+C to exit.
 Topshelf.Hosts.ConsoleRunHostname2017-08-08 10:43:26,702 [1] INFO  Topshelf.HostFactory - Configuration Result:
[Success] Name Quartz服务名称
[Success] DisplayName Quartz服务显示名称
[Success] Description Quartz调度服务描述
[Success] ServiceName Quartz服务名称
 Topshelf.HostFactoryname2017-08-08 10:43:26,894 [1] INFO  Topshelf.HostConfigurators.HostConfiguratorImpl - Topshelf v4.0.0.0, .NET Framework v4.0.30319.42000
 Topshelf.HostConfigurators.HostConfiguratorImplname2017-08-08 10:43:27,785 [1] DEBUG Topshelf.Builders.RunBuilder - Running as a console application, creating the console host.
 Topshelf.Builders.RunBuildername2017-08-08 10:43:27,789 [1] DEBUG Topshelf.Hosts.ConsoleRunHost - Starting up as a console application
 Topshelf.Hosts.ConsoleRunHostname2017-08-08 10:43:28,068 [1] INFO  Topshelf.Hosts.ConsoleRunHost - The Quartz服务名称 service is now running, press Control+C to exit.
 Topshelf.Hosts.ConsoleRunHostname2017-08-08 10:45:27,735 [1] INFO  Topshelf.HostFactory - Configuration Result:
[Success] Name Quartz服务名称
[Success] DisplayName Quartz服务显示名称
[Success] Description Quartz调度服务描述
[Success] ServiceName Quartz服务名称
 Topshelf.HostFactoryname2017-08-08 10:45:27,751 [1] INFO  Topshelf.HostConfigurators.HostConfiguratorImpl - Topshelf v4.0.0.0, .NET Framework v4.0.30319.42000
 Topshelf.HostConfigurators.HostConfiguratorImplname2017-08-08 10:45:28,001 [1] DEBUG Topshelf.Builders.RunBuilder - Running as a console application, creating the console host.
 Topshelf.Builders.RunBuildername2017-08-08 10:45:28,005 [1] DEBUG Topshelf.Hosts.ConsoleRunHost - Starting up as a console application
 Topshelf.Hosts.ConsoleRunHostname2017-08-08 10:45:28,194 [1] INFO  Topshelf.Hosts.ConsoleRunHost - The Quartz服务名称 service is now running, press Control+C to exit.
 Topshelf.Hosts.ConsoleRunHostname2017-08-08 10:45:40,452 [1] INFO  Topshelf.HostFactory - Configuration Result:
[Success] Name Quartz服务名称
[Success] DisplayName Quartz服务显示名称
[Success] Description Quartz调度服务描述
[Success] ServiceName Quartz服务名称
 Topshelf.HostFactoryname2017-08-08 10:45:40,467 [1] INFO  Topshelf.HostConfigurators.HostConfiguratorImpl - Topshelf v4.0.0.0, .NET Framework v4.0.30319.42000
 Topshelf.HostConfigurators.HostConfiguratorImplname2017-08-08 10:45:40,700 [1] DEBUG Topshelf.Builders.RunBuilder - Running as a console application, creating the console host.
 Topshelf.Builders.RunBuildername2017-08-08 10:45:40,704 [1] DEBUG Topshelf.Hosts.ConsoleRunHost - Starting up as a console application
 Topshelf.Hosts.ConsoleRunHostname2017-08-08 10:45:40,895 [1] INFO  Topshelf.Hosts.ConsoleRunHost - The Quartz服务名称 service is now running, press Control+C to exit.
 Topshelf.Hosts.ConsoleRunHostname2017-08-08 10:48:22,117 [1] INFO  Topshelf.HostFactory - Configuration Result:
[Success] Name Quartz服务名称
[Success] DisplayName Quartz服务显示名称
[Success] Description Quartz调度服务描述
[Success] ServiceName Quartz服务名称
 Topshelf.HostFactoryname2017-08-08 10:48:22,130 [1] INFO  Topshelf.HostConfigurators.HostConfiguratorImpl - Topshelf v4.0.0.0, .NET Framework v4.0.30319.42000
 Topshelf.HostConfigurators.HostConfiguratorImplname2017-08-08 10:48:22,327 [1] DEBUG Topshelf.Builders.RunBuilder - Running as a console application, creating the console host.
 Topshelf.Builders.RunBuildername2017-08-08 10:48:22,331 [1] DEBUG Topshelf.Hosts.ConsoleRunHost - Starting up as a console application
 Topshelf.Hosts.ConsoleRunHostname2017-08-08 10:48:22,548 [1] INFO  Topshelf.Hosts.ConsoleRunHost - The Quartz服务名称 service is now running, press Control+C to exit.
 Topshelf.Hosts.ConsoleRunHostname